0 info it worked if it ends with ok
1 verbose cli [ 'node', '/usr/local/bin/npm', 'install', '-g', '-jasmine-node' ]
2 info using npm@2.1.2
3 info using node@v0.10.28
4 silly cache add args [ '.', null ]
5 verbose cache add spec .
6 silly cache add parsed spec { raw: '.',
6 silly cache add   scope: null,
6 silly cache add   name: null,
6 silly cache add   rawSpec: '.',
6 silly cache add   spec: '/Users/jessicag/turing/projects/dinner_dash',
6 silly cache add   type: 'local' }
7 silly addNonLocal parsed spec { raw: '/Users/jessicag/turing/projects/dinner_dash',
7 silly addNonLocal   scope: null,
7 silly addNonLocal   name: null,
7 silly addNonLocal   rawSpec: '/Users/jessicag/turing/projects/dinner_dash',
7 silly addNonLocal   spec: '/Users/jessicag/turing/projects/dinner_dash',
7 silly addNonLocal   type: 'local' }
8 verbose stack Error: couldn't figure out how to install /Users/jessicag/turing/projects/dinner_dash
8 verbose stack     at addNonLocal (/usr/local/lib/node_modules/npm/lib/cache.js:312:12)
8 verbose stack     at /usr/local/lib/node_modules/npm/lib/cache.js:284:22
8 verbose stack     at Object.oncomplete (evalmachine.<anonymous>:107:15)
9 verbose cwd /Users/jessicag/turing/projects/dinner_dash
10 error Darwin 13.2.0
11 error argv "node" "/usr/local/bin/npm" "install" "-g" "-jasmine-node"
12 error node v0.10.28
13 error npm  v2.1.2
14 error couldn't figure out how to install /Users/jessicag/turing/projects/dinner_dash
15 error If you need help, you may report this error at:
15 error     <http://github.com/npm/npm/issues>
16 verbose exit [ 1, true ]
